Compiling the C compiler identification source file "CMakeCCompilerId.c" failed.
Compiler: C:/Users/toniv/ncs/v1.9.1/toolchain/opt/bin/arm-none-eabi-gcc.exe 
Build flags: 
Id flags:  

The output was:
1
c:/users/toniv/ncs/v1.9.1/toolchain/opt/bin/../lib/gcc/arm-none-eabi/9.2.1/../../../../arm-none-eabi/bin/ld.exe: c:/users/toniv/ncs/v1.9.1/toolchain/opt/bin/../lib/gcc/arm-none-eabi/9.2.1/../../../../arm-none-eabi/lib\libc.a(lib_a-exit.o): in function `exit':
exit.c:(.text.exit+0x2c): undefined reference to `_exit'
collect2.exe: error: ld returned 1 exit status


Compiling the CXX compiler identification source file "CMakeCXXCompilerId.cpp" failed.
Compiler: C:/Users/toniv/ncs/v1.9.1/toolchain/opt/bin/arm-none-eabi-gcc.exe 
Build flags: 
Id flags:  

The output was:
1
c:/users/toniv/ncs/v1.9.1/toolchain/opt/bin/../lib/gcc/arm-none-eabi/9.2.1/../../../../arm-none-eabi/bin/ld.exe: c:/users/toniv/ncs/v1.9.1/toolchain/opt/bin/../lib/gcc/arm-none-eabi/9.2.1/../../../../arm-none-eabi/lib\libc.a(lib_a-exit.o): in function `exit':
exit.c:(.text.exit+0x2c): undefined reference to `_exit'
collect2.exe: error: ld returned 1 exit status


Performing C SOURCE FILE Test check_C__nostartfiles__nostdlib__isystem__c__users_toniv_ncs_v1_9_1_toolchain_opt_bin____lib_gcc_arm_none_eabi_9_2_1_include___isystem__c__users_toniv_ncs_v1_9_1_toolchain_opt_bin____lib_gcc_arm_none_eabi_9_2_1_include_fixed___Wl___unresolved_symbols_ignore_in_object_files__Wl___entry_0__mfloat_abi_hard failed with the following output:
Change Dir: C:/Code/Master/nordic-rtt/nrf_dm/build/CMakeFiles/CMakeTmp

Run Build Command(s):C:/Users/toniv/ncs/v1.9.1/toolchain/opt/bin/ninja.exe cmTC_4bd17 && [1/2] Building C object CMakeFiles/cmTC_4bd17.dir/src.c.obj
FAILED: CMakeFiles/cmTC_4bd17.dir/src.c.obj 
C:\Users\toniv\ncs\v1.9.1\toolchain\opt\bin\arm-none-eabi-gcc.exe -Dcheck_C__nostartfiles__nostdlib__isystem__c__users_toniv_ncs_v1_9_1_toolchain_opt_bin____lib_gcc_arm_none_eabi_9_2_1_include___isystem__c__users_toniv_ncs_v1_9_1_toolchain_opt_bin____lib_gcc_arm_none_eabi_9_2_1_include_fixed___Wl___unresolved_symbols_ignore_in_object_files__Wl___entry_0__mfloat_abi_hard  -nostartfiles -nostdlib -isystem "c:/users/toniv/ncs/v1.9.1/toolchain/opt/bin/../lib/gcc/arm-none-eabi/9.2.1/include" -isystem "c:/users/toniv/ncs/v1.9.1/toolchain/opt/bin/../lib/gcc/arm-none-eabi/9.2.1/include-fixed" -Wl,--unresolved-symbols=ignore-in-object-files -Wl,--entry=0 -mfloat-abi=hard -o CMakeFiles/cmTC_4bd17.dir/src.c.obj -c src.c
cc1.exe: error: '-mfloat-abi=hard': selected processor lacks an FPU
ninja: build stopped: subcommand failed.


Source file was:
int main(void) { return 0; }
